  Main.cpp
  FN_Basic.cpp
  FN_CoreUObject_functions.cpp
  FN_Engine_functions.cpp
  FN_FortniteGame_functions.cpp
  FN_GameplayAbilities_functions.cpp
  FN_PlayerPawn_Athena_Generic_functions.cpp
  FN_PlayerPawn_Generic_functions.cpp
E:\OG Fortnite Launchers\3.5 GS\Sulfur 3.5\SDK\FN_Basic.hpp(176,1): warning C4267: '=': conversion from 'size_t' to 'int32_t', possible loss of data (compiling source file SDK\FN_PlayerPawn_Athena_Generic_functions.cpp)
E:\OG Fortnite Launchers\3.5 GS\Sulfur 3.5\SDK\FN_Basic.hpp(176,1): warning C4267: '=': conversion from 'size_t' to 'int32_t', possible loss of data (compiling source file SDK\FN_GameplayAbilities_functions.cpp)
E:\OG Fortnite Launchers\3.5 GS\Sulfur 3.5\SDK\FN_Basic.hpp(391,1): warning C4099: 'SDK::FWeakObjectPtr': type name first seen using 'struct' now seen using 'class' (compiling source file SDK\FN_PlayerPawn_Athena_Generic_functions.cpp)
E:\OG Fortnite Launchers\3.5 GS\Sulfur 3.5\SDK\FN_Basic.hpp(326): message : see declaration of 'SDK::FWeakObjectPtr' (compiling source file SDK\FN_PlayerPawn_Athena_Generic_functions.cpp)
E:\OG Fortnite Launchers\3.5 GS\Sulfur 3.5\SDK\FN_Basic.hpp(394): message : see reference to class template instantiation 'SDK::TPersistentObjectPtr_<TObjectID>' being compiled (compiling source file SDK\FN_PlayerPawn_Athena_Generic_functions.cpp)
E:\OG Fortnite Launchers\3.5 GS\Sulfur 3.5\SDK\FN_Basic.hpp(176,1): warning C4267: '=': conversion from 'size_t' to 'int32_t', possible loss of data (compiling source file SDK\FN_Basic.cpp)
E:\OG Fortnite Launchers\3.5 GS\Sulfur 3.5\SDK\FN_Basic.hpp(391,1): warning C4099: 'SDK::FWeakObjectPtr': type name first seen using 'struct' now seen using 'class' (compiling source file SDK\FN_GameplayAbilities_functions.cpp)
E:\OG Fortnite Launchers\3.5 GS\Sulfur 3.5\SDK\FN_Basic.hpp(326): message : see declaration of 'SDK::FWeakObjectPtr' (compiling source file SDK\FN_GameplayAbilities_functions.cpp)
E:\OG Fortnite Launchers\3.5 GS\Sulfur 3.5\SDK\FN_Basic.hpp(394): message : see reference to class template instantiation 'SDK::TPersistentObjectPtr_<TObjectID>' being compiled (compiling source file SDK\FN_GameplayAbilities_functions.cpp)
E:\OG Fortnite Launchers\3.5 GS\Sulfur 3.5\SDK\FN_Basic.hpp(391,1): warning C4099: 'SDK::FWeakObjectPtr': type name first seen using 'struct' now seen using 'class' (compiling source file SDK\FN_Basic.cpp)
E:\OG Fortnite Launchers\3.5 GS\Sulfur 3.5\SDK\FN_Basic.hpp(326): message : see declaration of 'SDK::FWeakObjectPtr' (compiling source file SDK\FN_Basic.cpp)
E:\OG Fortnite Launchers\3.5 GS\Sulfur 3.5\SDK\FN_Basic.hpp(394): message : see reference to class template instantiation 'SDK::TPersistentObjectPtr_<TObjectID>' being compiled (compiling source file SDK\FN_Basic.cpp)
E:\OG Fortnite Launchers\3.5 GS\Sulfur 3.5\SDK\FN_Basic.hpp(176,1): warning C4267: '=': conversion from 'size_t' to 'int32_t', possible loss of data (compiling source file SDK\FN_CoreUObject_functions.cpp)
E:\OG Fortnite Launchers\3.5 GS\Sulfur 3.5\SDK\FN_Basic.hpp(176,1): warning C4267: '=': conversion from 'size_t' to 'int32_t', possible loss of data (compiling source file SDK\FN_PlayerPawn_Generic_functions.cpp)
E:\OG Fortnite Launchers\3.5 GS\Sulfur 3.5\SDK\FN_Basic.hpp(176,1): warning C4267: '=': conversion from 'size_t' to 'int32_t', possible loss of data (compiling source file SDK\FN_FortniteGame_functions.cpp)
E:\OG Fortnite Launchers\3.5 GS\Sulfur 3.5\SDK\FN_Basic.hpp(391,1): warning C4099: 'SDK::FWeakObjectPtr': type name first seen using 'struct' now seen using 'class' (compiling source file SDK\FN_PlayerPawn_Generic_functions.cpp)
E:\OG Fortnite Launchers\3.5 GS\Sulfur 3.5\SDK\FN_Basic.hpp(326): message : see declaration of 'SDK::FWeakObjectPtr' (compiling source file SDK\FN_PlayerPawn_Generic_functions.cpp)
E:\OG Fortnite Launchers\3.5 GS\Sulfur 3.5\SDK\FN_Basic.hpp(394): message : see reference to class template instantiation 'SDK::TPersistentObjectPtr_<TObjectID>' being compiled (compiling source file SDK\FN_PlayerPawn_Generic_functions.cpp)
E:\OG Fortnite Launchers\3.5 GS\Sulfur 3.5\SDK\FN_Basic.hpp(391,1): warning C4099: 'SDK::FWeakObjectPtr': type name first seen using 'struct' now seen using 'class' (compiling source file SDK\FN_CoreUObject_functions.cpp)
E:\OG Fortnite Launchers\3.5 GS\Sulfur 3.5\SDK\FN_Basic.hpp(326): message : see declaration of 'SDK::FWeakObjectPtr' (compiling source file SDK\FN_CoreUObject_functions.cpp)
E:\OG Fortnite Launchers\3.5 GS\Sulfur 3.5\SDK\FN_Basic.hpp(394): message : see reference to class template instantiation 'SDK::TPersistentObjectPtr_<TObjectID>' being compiled (compiling source file SDK\FN_CoreUObject_functions.cpp)
E:\OG Fortnite Launchers\3.5 GS\Sulfur 3.5\SDK\FN_Basic.hpp(391,1): warning C4099: 'SDK::FWeakObjectPtr': type name first seen using 'struct' now seen using 'class' (compiling source file SDK\FN_FortniteGame_functions.cpp)
E:\OG Fortnite Launchers\3.5 GS\Sulfur 3.5\SDK\FN_Basic.hpp(326): message : see declaration of 'SDK::FWeakObjectPtr' (compiling source file SDK\FN_FortniteGame_functions.cpp)
E:\OG Fortnite Launchers\3.5 GS\Sulfur 3.5\SDK\FN_Basic.hpp(394): message : see reference to class template instantiation 'SDK::TPersistentObjectPtr_<TObjectID>' being compiled (compiling source file SDK\FN_FortniteGame_functions.cpp)
E:\OG Fortnite Launchers\3.5 GS\Sulfur 3.5\SDK\FN_Basic.hpp(176,1): warning C4267: '=': conversion from 'size_t' to 'int32_t', possible loss of data (compiling source file SDK\FN_Engine_functions.cpp)
E:\OG Fortnite Launchers\3.5 GS\Sulfur 3.5\SDK\FN_Basic.hpp(391,1): warning C4099: 'SDK::FWeakObjectPtr': type name first seen using 'struct' now seen using 'class' (compiling source file SDK\FN_Engine_functions.cpp)
E:\OG Fortnite Launchers\3.5 GS\Sulfur 3.5\SDK\FN_Basic.hpp(326): message : see declaration of 'SDK::FWeakObjectPtr' (compiling source file SDK\FN_Engine_functions.cpp)
E:\OG Fortnite Launchers\3.5 GS\Sulfur 3.5\SDK\FN_Basic.hpp(394): message : see reference to class template instantiation 'SDK::TPersistentObjectPtr_<TObjectID>' being compiled (compiling source file SDK\FN_Engine_functions.cpp)
E:\OG Fortnite Launchers\3.5 GS\Sulfur 3.5\SDK\FN_Basic.hpp(176,1): warning C4267: '=': conversion from 'size_t' to 'int32_t', possible loss of data (compiling source file Main.cpp)
E:\OG Fortnite Launchers\3.5 GS\Sulfur 3.5\SDK\FN_Basic.hpp(391,1): warning C4099: 'SDK::FWeakObjectPtr': type name first seen using 'struct' now seen using 'class' (compiling source file Main.cpp)
E:\OG Fortnite Launchers\3.5 GS\Sulfur 3.5\SDK\FN_Basic.hpp(326): message : see declaration of 'SDK::FWeakObjectPtr' (compiling source file Main.cpp)
E:\OG Fortnite Launchers\3.5 GS\Sulfur 3.5\SDK\FN_Basic.hpp(394): message : see reference to class template instantiation 'SDK::TPersistentObjectPtr_<TObjectID>' being compiled (compiling source file Main.cpp)
C:\Program Files\Microsoft Visual Studio\2022\Community\VC\Tools\MSVC\14.32.31326\include\xstring(2603,27): warning C4244: 'argument': conversion from 'wchar_t' to 'const _Elem', possible loss of data
          with
          [
              _Elem=char
          ] (compiling source file SDK\FN_Basic.cpp)
E:\OG Fortnite Launchers\3.5 GS\Sulfur 3.5\SDK\FN_Basic.hpp(221): message : see reference to function template instantiation 'std::basic_string<char,std::char_traits<char>,std::allocator<char>>::basic_string<std::_String_iterator<std::_String_val<std::_Simple_types<_Elem>>>,0>(_Iter,_Iter,const _Alloc &)' being compiled
          with
          [
              _Elem=wchar_t,
              _Iter=std::_String_iterator<std::_String_val<std::_Simple_types<wchar_t>>>,
              _Alloc=std::allocator<char>
          ] (compiling source file SDK\FN_Basic.cpp)
E:\OG Fortnite Launchers\3.5 GS\Sulfur 3.5\SDK\FN_Basic.hpp(221): message : see reference to function template instantiation 'std::basic_string<char,std::char_traits<char>,std::allocator<char>>::basic_string<std::_String_iterator<std::_String_val<std::_Simple_types<_Elem>>>,0>(_Iter,_Iter,const _Alloc &)' being compiled
          with
          [
              _Elem=wchar_t,
              _Iter=std::_String_iterator<std::_String_val<std::_Simple_types<wchar_t>>>,
              _Alloc=std::allocator<char>
          ] (compiling source file SDK\FN_Basic.cpp)
C:\Program Files\Microsoft Visual Studio\2022\Community\VC\Tools\MSVC\14.32.31326\include\xstring(2603,27): warning C4244: 'argument': conversion from 'wchar_t' to 'const _Elem', possible loss of data
          with
          [
              _Elem=char
          ] (compiling source file SDK\FN_PlayerPawn_Athena_Generic_functions.cpp)
E:\OG Fortnite Launchers\3.5 GS\Sulfur 3.5\SDK\FN_Basic.hpp(221): message : see reference to function template instantiation 'std::basic_string<char,std::char_traits<char>,std::allocator<char>>::basic_string<std::_String_iterator<std::_String_val<std::_Simple_types<_Elem>>>,0>(_Iter,_Iter,const _Alloc &)' being compiled
          with
          [
              _Elem=wchar_t,
              _Iter=std::_String_iterator<std::_String_val<std::_Simple_types<wchar_t>>>,
              _Alloc=std::allocator<char>
          ] (compiling source file SDK\FN_PlayerPawn_Athena_Generic_functions.cpp)
E:\OG Fortnite Launchers\3.5 GS\Sulfur 3.5\SDK\FN_Basic.hpp(221): message : see reference to function template instantiation 'std::basic_string<char,std::char_traits<char>,std::allocator<char>>::basic_string<std::_String_iterator<std::_String_val<std::_Simple_types<_Elem>>>,0>(_Iter,_Iter,const _Alloc &)' being compiled
          with
          [
              _Elem=wchar_t,
              _Iter=std::_String_iterator<std::_String_val<std::_Simple_types<wchar_t>>>,
              _Alloc=std::allocator<char>
          ] (compiling source file SDK\FN_PlayerPawn_Athena_Generic_functions.cpp)
C:\Program Files\Microsoft Visual Studio\2022\Community\VC\Tools\MSVC\14.32.31326\include\xstring(2603,27): warning C4244: 'argument': conversion from 'wchar_t' to 'const _Elem', possible loss of data
          with
          [
              _Elem=char
          ] (compiling source file SDK\FN_CoreUObject_functions.cpp)
E:\OG Fortnite Launchers\3.5 GS\Sulfur 3.5\SDK\FN_Basic.hpp(221): message : see reference to function template instantiation 'std::basic_string<char,std::char_traits<char>,std::allocator<char>>::basic_string<std::_String_iterator<std::_String_val<std::_Simple_types<_Elem>>>,0>(_Iter,_Iter,const _Alloc &)' being compiled
          with
          [
              _Elem=wchar_t,
              _Iter=std::_String_iterator<std::_String_val<std::_Simple_types<wchar_t>>>,
              _Alloc=std::allocator<char>
          ] (compiling source file SDK\FN_CoreUObject_functions.cpp)
E:\OG Fortnite Launchers\3.5 GS\Sulfur 3.5\SDK\FN_Basic.hpp(221): message : see reference to function template instantiation 'std::basic_string<char,std::char_traits<char>,std::allocator<char>>::basic_string<std::_String_iterator<std::_String_val<std::_Simple_types<_Elem>>>,0>(_Iter,_Iter,const _Alloc &)' being compiled
          with
          [
              _Elem=wchar_t,
              _Iter=std::_String_iterator<std::_String_val<std::_Simple_types<wchar_t>>>,
              _Alloc=std::allocator<char>
          ] (compiling source file SDK\FN_CoreUObject_functions.cpp)
C:\Program Files\Microsoft Visual Studio\2022\Community\VC\Tools\MSVC\14.32.31326\include\xstring(2603,27): warning C4244: 'argument': conversion from 'wchar_t' to 'const _Elem', possible loss of data
          with
          [
              _Elem=char
          ] (compiling source file SDK\FN_PlayerPawn_Generic_functions.cpp)
E:\OG Fortnite Launchers\3.5 GS\Sulfur 3.5\SDK\FN_Basic.hpp(221): message : see reference to function template instantiation 'std::basic_string<char,std::char_traits<char>,std::allocator<char>>::basic_string<std::_String_iterator<std::_String_val<std::_Simple_types<_Elem>>>,0>(_Iter,_Iter,const _Alloc &)' being compiled
          with
          [
              _Elem=wchar_t,
              _Iter=std::_String_iterator<std::_String_val<std::_Simple_types<wchar_t>>>,
              _Alloc=std::allocator<char>
          ] (compiling source file SDK\FN_PlayerPawn_Generic_functions.cpp)
E:\OG Fortnite Launchers\3.5 GS\Sulfur 3.5\SDK\FN_Basic.hpp(221): message : see reference to function template instantiation 'std::basic_string<char,std::char_traits<char>,std::allocator<char>>::basic_string<std::_String_iterator<std::_String_val<std::_Simple_types<_Elem>>>,0>(_Iter,_Iter,const _Alloc &)' being compiled
          with
          [
              _Elem=wchar_t,
              _Iter=std::_String_iterator<std::_String_val<std::_Simple_types<wchar_t>>>,
              _Alloc=std::allocator<char>
          ] (compiling source file SDK\FN_PlayerPawn_Generic_functions.cpp)
C:\Program Files\Microsoft Visual Studio\2022\Community\VC\Tools\MSVC\14.32.31326\include\xstring(2603,27): warning C4244: 'argument': conversion from 'wchar_t' to 'const _Elem', possible loss of data
          with
          [
              _Elem=char
          ] (compiling source file SDK\FN_GameplayAbilities_functions.cpp)
E:\OG Fortnite Launchers\3.5 GS\Sulfur 3.5\SDK\FN_Basic.hpp(221): message : see reference to function template instantiation 'std::basic_string<char,std::char_traits<char>,std::allocator<char>>::basic_string<std::_String_iterator<std::_String_val<std::_Simple_types<_Elem>>>,0>(_Iter,_Iter,const _Alloc &)' being compiled
          with
          [
              _Elem=wchar_t,
              _Iter=std::_String_iterator<std::_String_val<std::_Simple_types<wchar_t>>>,
              _Alloc=std::allocator<char>
          ] (compiling source file SDK\FN_GameplayAbilities_functions.cpp)
E:\OG Fortnite Launchers\3.5 GS\Sulfur 3.5\SDK\FN_Basic.hpp(221): message : see reference to function template instantiation 'std::basic_string<char,std::char_traits<char>,std::allocator<char>>::basic_string<std::_String_iterator<std::_String_val<std::_Simple_types<_Elem>>>,0>(_Iter,_Iter,const _Alloc &)' being compiled
          with
          [
              _Elem=wchar_t,
              _Iter=std::_String_iterator<std::_String_val<std::_Simple_types<wchar_t>>>,
              _Alloc=std::allocator<char>
          ] (compiling source file SDK\FN_GameplayAbilities_functions.cpp)
E:\OG Fortnite Launchers\3.5 GS\Sulfur 3.5\ServerFunctions.h(339,60): warning C4305: 'argument': truncation from 'double' to 'float' (compiling source file Main.cpp)
E:\OG Fortnite Launchers\3.5 GS\Sulfur 3.5\ServerFunctions.h(540,74): warning C4267: 'argument': conversion from 'size_t' to 'int', possible loss of data (compiling source file Main.cpp)
E:\OG Fortnite Launchers\3.5 GS\Sulfur 3.5\ServerFunctions.h(556,76): warning C4267: 'argument': conversion from 'size_t' to 'int', possible loss of data (compiling source file Main.cpp)
E:\OG Fortnite Launchers\3.5 GS\Sulfur 3.5\ServerFunctions.h(855,79): warning C4267: 'argument': conversion from 'size_t' to 'int', possible loss of data (compiling source file Main.cpp)
E:\OG Fortnite Launchers\3.5 GS\Sulfur 3.5\ServerFunctions.h(871,82): warning C4267: 'argument': conversion from 'size_t' to 'int', possible loss of data (compiling source file Main.cpp)
E:\OG Fortnite Launchers\3.5 GS\Sulfur 3.5\ServerFunctions.h(887,77): warning C4267: 'argument': conversion from 'size_t' to 'int', possible loss of data (compiling source file Main.cpp)
E:\OG Fortnite Launchers\3.5 GS\Sulfur 3.5\ServerFunctions.h(903,73): warning C4267: 'argument': conversion from 'size_t' to 'int', possible loss of data (compiling source file Main.cpp)
E:\OG Fortnite Launchers\3.5 GS\Sulfur 3.5\ServerFunctions.h(963,9): warning C4305: 'initializing': truncation from 'double' to 'float' (compiling source file Main.cpp)
E:\OG Fortnite Launchers\3.5 GS\Sulfur 3.5\Replication.hpp(168,22): warning C4834: discarding return value of function with 'nodiscard' attribute (compiling source file Main.cpp)
E:\OG Fortnite Launchers\3.5 GS\Sulfur 3.5\Replication.hpp(265,20): warning C4834: discarding return value of function with 'nodiscard' attribute (compiling source file Main.cpp)
E:\OG Fortnite Launchers\3.5 GS\Sulfur 3.5\Main.cpp(716,136): warning C4305: '=': truncation from 'double' to 'float'
E:\OG Fortnite Launchers\3.5 GS\Sulfur 3.5\Main.cpp(1012,113): warning C4244: '+=': conversion from 'double' to 'float', possible loss of data
E:\OG Fortnite Launchers\3.5 GS\Sulfur 3.5\Main.cpp(1139,15): warning C4244: 'argument': conversion from 'time_t' to 'unsigned int', possible loss of data
C:\Program Files\Microsoft Visual Studio\2022\Community\VC\Tools\MSVC\14.32.31326\include\xstring(2603,27): warning C4244: 'argument': conversion from 'wchar_t' to 'const _Elem', possible loss of data
          with
          [
              _Elem=char
          ] (compiling source file Main.cpp)
E:\OG Fortnite Launchers\3.5 GS\Sulfur 3.5\SDK\FN_Basic.hpp(221): message : see reference to function template instantiation 'std::basic_string<char,std::char_traits<char>,std::allocator<char>>::basic_string<std::_String_iterator<std::_String_val<std::_Simple_types<_Elem>>>,0>(_Iter,_Iter,const _Alloc &)' being compiled
          with
          [
              _Elem=wchar_t,
              _Iter=std::_String_iterator<std::_String_val<std::_Simple_types<wchar_t>>>,
              _Alloc=std::allocator<char>
          ] (compiling source file Main.cpp)
E:\OG Fortnite Launchers\3.5 GS\Sulfur 3.5\SDK\FN_Basic.hpp(221): message : see reference to function template instantiation 'std::basic_string<char,std::char_traits<char>,std::allocator<char>>::basic_string<std::_String_iterator<std::_String_val<std::_Simple_types<_Elem>>>,0>(_Iter,_Iter,const _Alloc &)' being compiled
          with
          [
              _Elem=wchar_t,
              _Iter=std::_String_iterator<std::_String_val<std::_Simple_types<wchar_t>>>,
              _Alloc=std::allocator<char>
          ] (compiling source file Main.cpp)
E:\OG Fortnite Launchers\3.5 GS\Sulfur 3.5\SDK\FN_Engine_classes.hpp(2331,25): warning C4244: '=': conversion from 'double' to 'float', possible loss of data (compiling source file Main.cpp)
E:\OG Fortnite Launchers\3.5 GS\Sulfur 3.5\Main.cpp(72): message : see reference to function template instantiation 'T *SDK::UWorld::SpawnActor<SDK::AFortPickupAthena>(SDK::FVector,SDK::FRotator,SDK::UClass *)' being compiled
          with
          [
              T=SDK::AFortPickupAthena
          ]
E:\OG Fortnite Launchers\3.5 GS\Sulfur 3.5\SDK\FN_Engine_classes.hpp(2332,26): warning C4244: '=': conversion from 'double' to 'float', possible loss of data (compiling source file Main.cpp)
E:\OG Fortnite Launchers\3.5 GS\Sulfur 3.5\SDK\FN_Engine_classes.hpp(2333,25): warning C4244: '=': conversion from 'double' to 'float', possible loss of data (compiling source file Main.cpp)
E:\OG Fortnite Launchers\3.5 GS\Sulfur 3.5\SDK\FN_Engine_classes.hpp(2334,25): warning C4244: '=': conversion from 'double' to 'float', possible loss of data (compiling source file Main.cpp)
C:\Program Files\Microsoft Visual Studio\2022\Community\VC\Tools\MSVC\14.32.31326\include\xstring(2603,27): warning C4244: 'argument': conversion from 'wchar_t' to 'const _Elem', possible loss of data
          with
          [
              _Elem=char
          ] (compiling source file SDK\FN_Engine_functions.cpp)
E:\OG Fortnite Launchers\3.5 GS\Sulfur 3.5\SDK\FN_Basic.hpp(221): message : see reference to function template instantiation 'std::basic_string<char,std::char_traits<char>,std::allocator<char>>::basic_string<std::_String_iterator<std::_String_val<std::_Simple_types<_Elem>>>,0>(_Iter,_Iter,const _Alloc &)' being compiled
          with
          [
              _Elem=wchar_t,
              _Iter=std::_String_iterator<std::_String_val<std::_Simple_types<wchar_t>>>,
              _Alloc=std::allocator<char>
          ] (compiling source file SDK\FN_Engine_functions.cpp)
E:\OG Fortnite Launchers\3.5 GS\Sulfur 3.5\SDK\FN_Basic.hpp(221): message : see reference to function template instantiation 'std::basic_string<char,std::char_traits<char>,std::allocator<char>>::basic_string<std::_String_iterator<std::_String_val<std::_Simple_types<_Elem>>>,0>(_Iter,_Iter,const _Alloc &)' being compiled
          with
          [
              _Elem=wchar_t,
              _Iter=std::_String_iterator<std::_String_val<std::_Simple_types<wchar_t>>>,
              _Alloc=std::allocator<char>
          ] (compiling source file SDK\FN_Engine_functions.cpp)
C:\Program Files\Microsoft Visual Studio\2022\Community\VC\Tools\MSVC\14.32.31326\include\xstring(2603,27): warning C4244: 'argument': conversion from 'wchar_t' to 'const _Elem', possible loss of data
          with
          [
              _Elem=char
          ] (compiling source file SDK\FN_FortniteGame_functions.cpp)
E:\OG Fortnite Launchers\3.5 GS\Sulfur 3.5\SDK\FN_Basic.hpp(221): message : see reference to function template instantiation 'std::basic_string<char,std::char_traits<char>,std::allocator<char>>::basic_string<std::_String_iterator<std::_String_val<std::_Simple_types<_Elem>>>,0>(_Iter,_Iter,const _Alloc &)' being compiled
          with
          [
              _Elem=wchar_t,
              _Iter=std::_String_iterator<std::_String_val<std::_Simple_types<wchar_t>>>,
              _Alloc=std::allocator<char>
          ] (compiling source file SDK\FN_FortniteGame_functions.cpp)
E:\OG Fortnite Launchers\3.5 GS\Sulfur 3.5\SDK\FN_Basic.hpp(221): message : see reference to function template instantiation 'std::basic_string<char,std::char_traits<char>,std::allocator<char>>::basic_string<std::_String_iterator<std::_String_val<std::_Simple_types<_Elem>>>,0>(_Iter,_Iter,const _Alloc &)' being compiled
          with
          [
              _Elem=wchar_t,
              _Iter=std::_String_iterator<std::_String_val<std::_Simple_types<wchar_t>>>,
              _Alloc=std::allocator<char>
          ] (compiling source file SDK\FN_FortniteGame_functions.cpp)
LINK : warning LNK4098: defaultlib 'LIBCMTD' conflicts with use of other libs; use /NODEFAULTLIB:library
  Generating code
  Previous IPDB not found, fall back to full compilation.
E:\OG Fortnite Launchers\3.5 GS\Sulfur 3.5\ServerFunctions.h(351): warning C4172: returning address of local variable or temporary: Spec
E:\OG Fortnite Launchers\3.5 GS\Sulfur 3.5\Main.cpp(1102): warning C4715: 'OnReloadHook': not all control paths return a value
  All 1679 functions were compiled because no usable IPDB/IOBJ from previous compilation was found.
  Finished generating code
  Sulfur 3.5.vcxproj -> E:\OG Fortnite Launchers\3.5 GS\x64\Release\Sulfur 3.5.dll
