  Main.cpp
E:\OG Fortnite Launchers\3.5 GS\Sulfur 3.5\SDK\FN_Basic.hpp(59,14): error C7525: inline variables require at least '/std:c++17'
E:\OG Fortnite Launchers\3.5 GS\Sulfur 3.5\SDK\FN_Basic.hpp(60,14): error C7525: inline variables require at least '/std:c++17'
E:\OG Fortnite Launchers\3.5 GS\Sulfur 3.5\SDK\FN_Basic.hpp(61,16): error C7525: inline variables require at least '/std:c++17'
E:\OG Fortnite Launchers\3.5 GS\Sulfur 3.5\SDK\FN_Basic.hpp(62,16): error C7525: inline variables require at least '/std:c++17'
E:\OG Fortnite Launchers\3.5 GS\Sulfur 3.5\SDK\FN_Basic.hpp(176,1): warning C4267: '=': conversion from 'size_t' to 'int32_t', possible loss of data
E:\OG Fortnite Launchers\3.5 GS\Sulfur 3.5\SDK\FN_Basic.hpp(391,1): warning C4099: 'SDK::FWeakObjectPtr': type name first seen using 'struct' now seen using 'class'
E:\OG Fortnite Launchers\3.5 GS\Sulfur 3.5\SDK\FN_Basic.hpp(326): message : see declaration of 'SDK::FWeakObjectPtr'
E:\OG Fortnite Launchers\3.5 GS\Sulfur 3.5\SDK\FN_Basic.hpp(394): message : see reference to class template instantiation 'SDK::TPersistentObjectPtr_<TObjectID>' being compiled
E:\OG Fortnite Launchers\3.5 GS\Sulfur 3.5\ServerFunctions.h(79,20): error C4996: 'localtime': This function or variable may be unsafe. Consider using localtime_s instead. To disable deprecation, use _CRT_SECURE_NO_WARNINGS. See online help for details.
E:\OG Fortnite Launchers\3.5 GS\Sulfur 3.5\ServerFunctions.h(339,60): warning C4305: 'argument': truncation from 'double' to 'float'
E:\OG Fortnite Launchers\3.5 GS\Sulfur 3.5\ServerFunctions.h(540,74): warning C4267: 'argument': conversion from 'size_t' to 'int', possible loss of data
E:\OG Fortnite Launchers\3.5 GS\Sulfur 3.5\ServerFunctions.h(556,76): warning C4267: 'argument': conversion from 'size_t' to 'int', possible loss of data
E:\OG Fortnite Launchers\3.5 GS\Sulfur 3.5\ServerFunctions.h(693,85): error C2039: 'contains': is not a member of 'std::basic_string<char,std::char_traits<char>,std::allocator<char>>'
C:\Program Files\Microsoft Visual Studio\2022\Community\VC\Tools\MSVC\14.31.31103\include\xstring(4927): message : see declaration of 'std::basic_string<char,std::char_traits<char>,std::allocator<char>>'
E:\OG Fortnite Launchers\3.5 GS\Sulfur 3.5\ServerFunctions.h(697,46): error C2039: 'contains': is not a member of 'std::basic_string<char,std::char_traits<char>,std::allocator<char>>'
C:\Program Files\Microsoft Visual Studio\2022\Community\VC\Tools\MSVC\14.31.31103\include\xstring(4927): message : see declaration of 'std::basic_string<char,std::char_traits<char>,std::allocator<char>>'
E:\OG Fortnite Launchers\3.5 GS\Sulfur 3.5\ServerFunctions.h(697,132): error C2039: 'contains': is not a member of 'std::basic_string<char,std::char_traits<char>,std::allocator<char>>'
C:\Program Files\Microsoft Visual Studio\2022\Community\VC\Tools\MSVC\14.31.31103\include\xstring(4927): message : see declaration of 'std::basic_string<char,std::char_traits<char>,std::allocator<char>>'
E:\OG Fortnite Launchers\3.5 GS\Sulfur 3.5\ServerFunctions.h(704,60): error C2039: 'contains': is not a member of 'std::basic_string<char,std::char_traits<char>,std::allocator<char>>'
C:\Program Files\Microsoft Visual Studio\2022\Community\VC\Tools\MSVC\14.31.31103\include\xstring(4927): message : see declaration of 'std::basic_string<char,std::char_traits<char>,std::allocator<char>>'
E:\OG Fortnite Launchers\3.5 GS\Sulfur 3.5\ServerFunctions.h(716,46): error C2039: 'contains': is not a member of 'std::basic_string<char,std::char_traits<char>,std::allocator<char>>'
C:\Program Files\Microsoft Visual Studio\2022\Community\VC\Tools\MSVC\14.31.31103\include\xstring(4927): message : see declaration of 'std::basic_string<char,std::char_traits<char>,std::allocator<char>>'
E:\OG Fortnite Launchers\3.5 GS\Sulfur 3.5\ServerFunctions.h(716,132): error C2039: 'contains': is not a member of 'std::basic_string<char,std::char_traits<char>,std::allocator<char>>'
C:\Program Files\Microsoft Visual Studio\2022\Community\VC\Tools\MSVC\14.31.31103\include\xstring(4927): message : see declaration of 'std::basic_string<char,std::char_traits<char>,std::allocator<char>>'
E:\OG Fortnite Launchers\3.5 GS\Sulfur 3.5\ServerFunctions.h(723,78): error C2039: 'contains': is not a member of 'std::basic_string<char,std::char_traits<char>,std::allocator<char>>'
C:\Program Files\Microsoft Visual Studio\2022\Community\VC\Tools\MSVC\14.31.31103\include\xstring(4927): message : see declaration of 'std::basic_string<char,std::char_traits<char>,std::allocator<char>>'
E:\OG Fortnite Launchers\3.5 GS\Sulfur 3.5\ServerFunctions.h(735,46): error C2039: 'contains': is not a member of 'std::basic_string<char,std::char_traits<char>,std::allocator<char>>'
C:\Program Files\Microsoft Visual Studio\2022\Community\VC\Tools\MSVC\14.31.31103\include\xstring(4927): message : see declaration of 'std::basic_string<char,std::char_traits<char>,std::allocator<char>>'
E:\OG Fortnite Launchers\3.5 GS\Sulfur 3.5\ServerFunctions.h(735,132): error C2039: 'contains': is not a member of 'std::basic_string<char,std::char_traits<char>,std::allocator<char>>'
C:\Program Files\Microsoft Visual Studio\2022\Community\VC\Tools\MSVC\14.31.31103\include\xstring(4927): message : see declaration of 'std::basic_string<char,std::char_traits<char>,std::allocator<char>>'
E:\OG Fortnite Launchers\3.5 GS\Sulfur 3.5\ServerFunctions.h(742,78): error C2039: 'contains': is not a member of 'std::basic_string<char,std::char_traits<char>,std::allocator<char>>'
C:\Program Files\Microsoft Visual Studio\2022\Community\VC\Tools\MSVC\14.31.31103\include\xstring(4927): message : see declaration of 'std::basic_string<char,std::char_traits<char>,std::allocator<char>>'
E:\OG Fortnite Launchers\3.5 GS\Sulfur 3.5\ServerFunctions.h(778,89): error C2039: 'contains': is not a member of 'std::basic_string<char,std::char_traits<char>,std::allocator<char>>'
C:\Program Files\Microsoft Visual Studio\2022\Community\VC\Tools\MSVC\14.31.31103\include\xstring(4927): message : see declaration of 'std::basic_string<char,std::char_traits<char>,std::allocator<char>>'
E:\OG Fortnite Launchers\3.5 GS\Sulfur 3.5\ServerFunctions.h(781,89): error C2039: 'contains': is not a member of 'std::basic_string<char,std::char_traits<char>,std::allocator<char>>'
C:\Program Files\Microsoft Visual Studio\2022\Community\VC\Tools\MSVC\14.31.31103\include\xstring(4927): message : see declaration of 'std::basic_string<char,std::char_traits<char>,std::allocator<char>>'
E:\OG Fortnite Launchers\3.5 GS\Sulfur 3.5\ServerFunctions.h(784,89): error C2039: 'contains': is not a member of 'std::basic_string<char,std::char_traits<char>,std::allocator<char>>'
C:\Program Files\Microsoft Visual Studio\2022\Community\VC\Tools\MSVC\14.31.31103\include\xstring(4927): message : see declaration of 'std::basic_string<char,std::char_traits<char>,std::allocator<char>>'
E:\OG Fortnite Launchers\3.5 GS\Sulfur 3.5\ServerFunctions.h(849,79): warning C4267: 'argument': conversion from 'size_t' to 'int', possible loss of data
E:\OG Fortnite Launchers\3.5 GS\Sulfur 3.5\ServerFunctions.h(865,82): warning C4267: 'argument': conversion from 'size_t' to 'int', possible loss of data
E:\OG Fortnite Launchers\3.5 GS\Sulfur 3.5\ServerFunctions.h(881,77): warning C4267: 'argument': conversion from 'size_t' to 'int', possible loss of data
E:\OG Fortnite Launchers\3.5 GS\Sulfur 3.5\ServerFunctions.h(897,73): warning C4267: 'argument': conversion from 'size_t' to 'int', possible loss of data
E:\OG Fortnite Launchers\3.5 GS\Sulfur 3.5\Replication.hpp(168,22): warning C4834: discarding return value of function with 'nodiscard' attribute
E:\OG Fortnite Launchers\3.5 GS\Sulfur 3.5\Replication.hpp(265,20): warning C4834: discarding return value of function with 'nodiscard' attribute
E:\OG Fortnite Launchers\3.5 GS\Sulfur 3.5\Main.cpp(93,53): error C2039: 'contains': is not a member of 'std::basic_string<char,std::char_traits<char>,std::allocator<char>>'
C:\Program Files\Microsoft Visual Studio\2022\Community\VC\Tools\MSVC\14.31.31103\include\xstring(4927): message : see declaration of 'std::basic_string<char,std::char_traits<char>,std::allocator<char>>'
E:\OG Fortnite Launchers\3.5 GS\Sulfur 3.5\Main.cpp(307,18): error C2039: 'contains': is not a member of 'std::basic_string<char,std::char_traits<char>,std::allocator<char>>'
C:\Program Files\Microsoft Visual Studio\2022\Community\VC\Tools\MSVC\14.31.31103\include\xstring(4927): message : see declaration of 'std::basic_string<char,std::char_traits<char>,std::allocator<char>>'
E:\OG Fortnite Launchers\3.5 GS\Sulfur 3.5\Main.cpp(333,18): error C2039: 'contains': is not a member of 'std::basic_string<char,std::char_traits<char>,std::allocator<char>>'
C:\Program Files\Microsoft Visual Studio\2022\Community\VC\Tools\MSVC\14.31.31103\include\xstring(4927): message : see declaration of 'std::basic_string<char,std::char_traits<char>,std::allocator<char>>'
E:\OG Fortnite Launchers\3.5 GS\Sulfur 3.5\Main.cpp(338,18): error C2039: 'contains': is not a member of 'std::basic_string<char,std::char_traits<char>,std::allocator<char>>'
C:\Program Files\Microsoft Visual Studio\2022\Community\VC\Tools\MSVC\14.31.31103\include\xstring(4927): message : see declaration of 'std::basic_string<char,std::char_traits<char>,std::allocator<char>>'
E:\OG Fortnite Launchers\3.5 GS\Sulfur 3.5\Main.cpp(365,64): error C2039: 'contains': is not a member of 'std::basic_string<char,std::char_traits<char>,std::allocator<char>>'
C:\Program Files\Microsoft Visual Studio\2022\Community\VC\Tools\MSVC\14.31.31103\include\xstring(4927): message : see declaration of 'std::basic_string<char,std::char_traits<char>,std::allocator<char>>'
E:\OG Fortnite Launchers\3.5 GS\Sulfur 3.5\Main.cpp(379,64): error C2039: 'contains': is not a member of 'std::basic_string<char,std::char_traits<char>,std::allocator<char>>'
C:\Program Files\Microsoft Visual Studio\2022\Community\VC\Tools\MSVC\14.31.31103\include\xstring(4927): message : see declaration of 'std::basic_string<char,std::char_traits<char>,std::allocator<char>>'
E:\OG Fortnite Launchers\3.5 GS\Sulfur 3.5\Main.cpp(473,18): error C2039: 'contains': is not a member of 'std::basic_string<char,std::char_traits<char>,std::allocator<char>>'
C:\Program Files\Microsoft Visual Studio\2022\Community\VC\Tools\MSVC\14.31.31103\include\xstring(4927): message : see declaration of 'std::basic_string<char,std::char_traits<char>,std::allocator<char>>'
E:\OG Fortnite Launchers\3.5 GS\Sulfur 3.5\Main.cpp(546,18): error C2039: 'contains': is not a member of 'std::basic_string<char,std::char_traits<char>,std::allocator<char>>'
C:\Program Files\Microsoft Visual Studio\2022\Community\VC\Tools\MSVC\14.31.31103\include\xstring(4927): message : see declaration of 'std::basic_string<char,std::char_traits<char>,std::allocator<char>>'
E:\OG Fortnite Launchers\3.5 GS\Sulfur 3.5\Main.cpp(558,18): error C2039: 'contains': is not a member of 'std::basic_string<char,std::char_traits<char>,std::allocator<char>>'
C:\Program Files\Microsoft Visual Studio\2022\Community\VC\Tools\MSVC\14.31.31103\include\xstring(4927): message : see declaration of 'std::basic_string<char,std::char_traits<char>,std::allocator<char>>'
E:\OG Fortnite Launchers\3.5 GS\Sulfur 3.5\Main.cpp(578,18): error C2039: 'contains': is not a member of 'std::basic_string<char,std::char_traits<char>,std::allocator<char>>'
C:\Program Files\Microsoft Visual Studio\2022\Community\VC\Tools\MSVC\14.31.31103\include\xstring(4927): message : see declaration of 'std::basic_string<char,std::char_traits<char>,std::allocator<char>>'
E:\OG Fortnite Launchers\3.5 GS\Sulfur 3.5\Main.cpp(629,18): error C2039: 'contains': is not a member of 'std::basic_string<char,std::char_traits<char>,std::allocator<char>>'
C:\Program Files\Microsoft Visual Studio\2022\Community\VC\Tools\MSVC\14.31.31103\include\xstring(4927): message : see declaration of 'std::basic_string<char,std::char_traits<char>,std::allocator<char>>'
E:\OG Fortnite Launchers\3.5 GS\Sulfur 3.5\Main.cpp(636,18): error C2039: 'contains': is not a member of 'std::basic_string<char,std::char_traits<char>,std::allocator<char>>'
C:\Program Files\Microsoft Visual Studio\2022\Community\VC\Tools\MSVC\14.31.31103\include\xstring(4927): message : see declaration of 'std::basic_string<char,std::char_traits<char>,std::allocator<char>>'
E:\OG Fortnite Launchers\3.5 GS\Sulfur 3.5\Main.cpp(660,18): error C2039: 'contains': is not a member of 'std::basic_string<char,std::char_traits<char>,std::allocator<char>>'
C:\Program Files\Microsoft Visual Studio\2022\Community\VC\Tools\MSVC\14.31.31103\include\xstring(4927): message : see declaration of 'std::basic_string<char,std::char_traits<char>,std::allocator<char>>'
E:\OG Fortnite Launchers\3.5 GS\Sulfur 3.5\Main.cpp(676,136): warning C4305: '=': truncation from 'double' to 'float'
E:\OG Fortnite Launchers\3.5 GS\Sulfur 3.5\Main.cpp(702,18): error C2039: 'contains': is not a member of 'std::basic_string<char,std::char_traits<char>,std::allocator<char>>'
C:\Program Files\Microsoft Visual Studio\2022\Community\VC\Tools\MSVC\14.31.31103\include\xstring(4927): message : see declaration of 'std::basic_string<char,std::char_traits<char>,std::allocator<char>>'
E:\OG Fortnite Launchers\3.5 GS\Sulfur 3.5\Main.cpp(736,18): error C2039: 'contains': is not a member of 'std::basic_string<char,std::char_traits<char>,std::allocator<char>>'
C:\Program Files\Microsoft Visual Studio\2022\Community\VC\Tools\MSVC\14.31.31103\include\xstring(4927): message : see declaration of 'std::basic_string<char,std::char_traits<char>,std::allocator<char>>'
E:\OG Fortnite Launchers\3.5 GS\Sulfur 3.5\Main.cpp(756,18): error C2039: 'contains': is not a member of 'std::basic_string<char,std::char_traits<char>,std::allocator<char>>'
C:\Program Files\Microsoft Visual Studio\2022\Community\VC\Tools\MSVC\14.31.31103\include\xstring(4927): message : see declaration of 'std::basic_string<char,std::char_traits<char>,std::allocator<char>>'
E:\OG Fortnite Launchers\3.5 GS\Sulfur 3.5\Main.cpp(776,71): error C2039: 'contains': is not a member of 'std::basic_string<char,std::char_traits<char>,std::allocator<char>>'
C:\Program Files\Microsoft Visual Studio\2022\Community\VC\Tools\MSVC\14.31.31103\include\xstring(4927): message : see declaration of 'std::basic_string<char,std::char_traits<char>,std::allocator<char>>'
E:\OG Fortnite Launchers\3.5 GS\Sulfur 3.5\Main.cpp(856,18): error C2039: 'contains': is not a member of 'std::basic_string<char,std::char_traits<char>,std::allocator<char>>'
C:\Program Files\Microsoft Visual Studio\2022\Community\VC\Tools\MSVC\14.31.31103\include\xstring(4927): message : see declaration of 'std::basic_string<char,std::char_traits<char>,std::allocator<char>>'
E:\OG Fortnite Launchers\3.5 GS\Sulfur 3.5\Main.cpp(873,18): error C2039: 'contains': is not a member of 'std::basic_string<char,std::char_traits<char>,std::allocator<char>>'
C:\Program Files\Microsoft Visual Studio\2022\Community\VC\Tools\MSVC\14.31.31103\include\xstring(4927): message : see declaration of 'std::basic_string<char,std::char_traits<char>,std::allocator<char>>'
E:\OG Fortnite Launchers\3.5 GS\Sulfur 3.5\Main.cpp(881,63): error C2039: 'contains': is not a member of 'std::basic_string<char,std::char_traits<char>,std::allocator<char>>'
C:\Program Files\Microsoft Visual Studio\2022\Community\VC\Tools\MSVC\14.31.31103\include\xstring(4927): message : see declaration of 'std::basic_string<char,std::char_traits<char>,std::allocator<char>>'
E:\OG Fortnite Launchers\3.5 GS\Sulfur 3.5\Main.cpp(972,113): warning C4244: '+=': conversion from 'double' to 'float', possible loss of data
E:\OG Fortnite Launchers\3.5 GS\Sulfur 3.5\Main.cpp(1026,51): error C2039: 'contains': is not a member of 'std::basic_string<char,std::char_traits<char>,std::allocator<char>>'
C:\Program Files\Microsoft Visual Studio\2022\Community\VC\Tools\MSVC\14.31.31103\include\xstring(4927): message : see declaration of 'std::basic_string<char,std::char_traits<char>,std::allocator<char>>'
E:\OG Fortnite Launchers\3.5 GS\Sulfur 3.5\Main.cpp(1099,15): warning C4244: 'argument': conversion from 'time_t' to 'unsigned int', possible loss of data
